<?xml version="1.0" encoding="UTF-8"?>
<!-- Generated by org.testng.reporters.JUnitXMLReporter -->
<testsuite ignored="0" hostname="Babu" failures="0" tests="7" name="Default test" time="0.275" errors="0" timestamp="2022-10-02T13:21:36 IST">
  <testcase classname="com.demoproject.tests.BaseTest" name="@BeforeTest launch" time="-1.664697095976E9">
    <failure type="org.testng.TestNGException" message="
Parameter &amp;apos;browserType&amp;apos; is required by BeforeTest on method launch but has not been marked @Optional or defined
in C:\Users\babuvakkom\AppData\Local\Temp\testng-eclipse--200675812\testng-customsuite.xml">
      <![CDATA[org.testng.TestNGException: 
Parameter 'browserType' is required by BeforeTest on method launch but has not been marked @Optional or defined
in C:\Users\babuvakkom\AppData\Local\Temp\testng-eclipse--200675812\testng-customsuite.xml
at org.testng.internal.Parameters.createParams(Parameters.java:267)
at org.testng.internal.Parameters.createParametersForMethod(Parameters.java:355)
at org.testng.internal.Parameters.createParameters(Parameters.java:684)
at org.testng.internal.Parameters.createConfigurationParameters(Parameters.java:166)
at org.testng.internal.invokers.ConfigInvoker.invokeConfigurations(ConfigInvoker.java:277)
at org.testng.TestRunner.invokeTestConfigurations(TestRunner.java:643)
at org.testng.TestRunner.beforeRun(TestRunner.java:632)
at org.testng.TestRunner.run(TestRunner.java:594)
at org.testng.SuiteRunner.runTest(SuiteRunner.java:433)
at org.testng.SuiteRunner.runSequentially(SuiteRunner.java:427)
at org.testng.SuiteRunner.privateRun(SuiteRunner.java:387)
at org.testng.SuiteRunner.run(SuiteRunner.java:330)
at org.testng.SuiteRunnerWorker.runSuite(SuiteRunnerWorker.java:52)
at org.testng.SuiteRunnerWorker.run(SuiteRunnerWorker.java:95)
at org.testng.TestNG.runSuitesSequentially(TestNG.java:1256)
at org.testng.TestNG.runSuitesLocally(TestNG.java:1176)
at org.testng.TestNG.runSuites(TestNG.java:1099)
at org.testng.TestNG.run(TestNG.java:1067)
at org.testng.remote.AbstractRemoteTestNG.run(AbstractRemoteTestNG.java:115)
at org.testng.remote.RemoteTestNG.initAndRun(RemoteTestNG.java:251)
at org.testng.remote.RemoteTestNG.main(RemoteTestNG.java:77)
]]>
    </failure>
  </testcase> <!-- @BeforeTest launch -->
  <testcase classname="com.demoproject.tests.LoginTest" name="@BeforeMethod invokeLoginPage" time="0.0">
    <skipped/>
  </testcase> <!-- @BeforeMethod invokeLoginPage -->
  <testcase classname="com.demoproject.tests.LoginTest" name="@BeforeMethod invokeLoginPage" time="0.0">
    <skipped/>
  </testcase> <!-- @BeforeMethod invokeLoginPage -->
  <testcase classname="com.demoproject.tests.LoginTest" name="@BeforeMethod invokeLoginPage" time="0.0">
    <skipped/>
  </testcase> <!-- @BeforeMethod invokeLoginPage -->
  <testcase classname="com.demoproject.tests.LoginTest" name="@BeforeMethod invokeLoginPage" time="0.0">
    <skipped/>
  </testcase> <!-- @BeforeMethod invokeLoginPage -->
  <testcase classname="com.demoproject.tests.LoginTest" name="@BeforeMethod invokeLoginPage" time="0.0">
    <skipped/>
  </testcase> <!-- @BeforeMethod invokeLoginPage -->
  <testcase classname="com.demoproject.tests.LoginTest" name="@BeforeMethod invokeLoginPage" time="0.0">
    <skipped/>
  </testcase> <!-- @BeforeMethod invokeLoginPage -->
  <testcase classname="com.demoproject.tests.LoginTest" name="@BeforeMethod invokeLoginPage" time="0.0">
    <skipped/>
  </testcase> <!-- @BeforeMethod invokeLoginPage -->
  <testcase classname="com.demoproject.tests.BaseTest" name="@AfterTest quit" time="0.0">
    <skipped/>
  </testcase> <!-- @AfterTest quit -->
  <testcase classname="com.demoproject.tests.LoginTest" name="verifyExpectedURLisLaunched" time="0.0">
    <skipped/>
  </testcase> <!-- verifyExpectedURLisLaunched -->
  <testcase classname="com.demoproject.tests.LoginTest" name="validateLoginPageFieldsAreDisplayed" time="0.0">
    <skipped/>
  </testcase> <!-- validateLoginPageFieldsAreDisplayed -->
  <testcase classname="com.demoproject.tests.LoginTest" name="verifyLoginPageAttributeValues" time="0.001">
    <skipped/>
  </testcase> <!-- verifyLoginPageAttributeValues -->
  <testcase classname="com.demoproject.tests.LoginTest" name="validateAllInvalidLogin" time="0.001">
    <skipped/>
  </testcase> <!-- validateAllInvalidLogin -->
  <testcase classname="com.demoproject.tests.LoginTest" name="validateAllInvalidLogin" time="0.001">
    <skipped/>
  </testcase> <!-- validateAllInvalidLogin -->
  <testcase classname="com.demoproject.tests.LoginTest" name="validateAllInvalidLogin" time="0.0">
    <skipped/>
  </testcase> <!-- validateAllInvalidLogin -->
  <testcase classname="com.demoproject.tests.LoginTest" name="validateAllInvalidLogin" time="0.001">
    <skipped/>
  </testcase> <!-- validateAllInvalidLogin -->
</testsuite> <!-- Default test -->
