<?xml version="1.0" encoding="UTF-8"?>
<!-- Generated by org.testng.reporters.JUnitXMLReporter -->
<testsuite ignored="0" hostname="Babu" failures="1" tests="8" name="Test" time="18.875" errors="0" timestamp="2022-10-04T17:11:55 IST">
  <testcase classname="com.demoproject.tests.LoginTest" name="verifyExpectedURLisLaunched" time="0.054"/>
  <testcase classname="com.demoproject.tests.LoginTest" name="validateLoginPageFieldsAreDisplayed" time="0.166"/>
  <testcase classname="com.demoproject.tests.LoginTest" name="verifyLoginPageAttributeValues" time="1.828"/>
  <testcase classname="com.demoproject.tests.LoginTest" name="validateAllInvalidLogin" time="0.518"/>
  <testcase classname="com.demoproject.tests.LoginTest" name="validateAllInvalidLogin" time="0.469"/>
  <testcase classname="com.demoproject.tests.LoginTest" name="validateAllInvalidLogin" time="0.516"/>
  <testcase classname="com.demoproject.tests.LoginTest" name="validateAllInvalidLogin" time="0.478"/>
  <testcase classname="com.demoproject.tests.LoginTest" name="verifyValidLogin" time="0.479">
    <failure type="java.lang.Exception" message="checkElementDisplayed (ValidationActionHelper) : no such element: Unable to locate element: {&amp;quot;method&amp;quot;:&amp;quot;xpath&amp;quot;,&amp;quot;selector&amp;quot;:&amp;quot;//span[text()=&amp;apos;Products&amp;apos;]&amp;quot;}
  (Session info: chrome=106.0.5249.91)
For documentation on this error, please visit: https://selenium.dev/exceptions/#no_such_element
Build info: version: &amp;apos;4.4.0&amp;apos;, revision: &amp;apos;e5c75ed026a&amp;apos;
System info: host: &amp;apos;BABU&amp;apos;, ip: &amp;apos;192.168.1.6&amp;apos;, os.name: &amp;apos;Windows 10&amp;apos;, os.arch: &amp;apos;amd64&amp;apos;, os.version: &amp;apos;10.0&amp;apos;, java.version: &amp;apos;17.0.2&amp;apos;
Driver info: org.openqa.selenium.chrome.ChromeDriver
Command: [3c520d8cf70da7996483b02c88b4748d, findElement {using=xpath, value=//span[text()=&amp;apos;Products&amp;apos;]}]
Capabilities {acceptInsecureCerts: false, browserName: chrome, browserVersion: 106.0.5249.91, chrome: {chromedriverVersion: 106.0.5249.61 (511755355844..., userDataDir: C:\Users\BABUVA~1\AppData\L...}, goog:chromeOptions: {debuggerAddress: localhost:51278}, networkConnectionEnabled: false, pageLoadStrategy: normal, platformName: WINDOWS, proxy: Proxy(), se:cdp: ws://localhost:51278/devtoo..., se:cdpVersion: 106.0.5249.91, setWindowRect: true, strictFileInteractability: false, timeouts: {implicit: 0, pageLoad: 300000, script: 30000}, unhandledPromptBehavior: dismiss and notify, webauthn:extension:credBlob: true, webauthn:extension:largeBlob: true, webauthn:virtualAuthenticators: true}
Session ID: 3c520d8cf70da7996483b02c88b4748d">
      <![CDATA[java.lang.Exception: checkElementDisplayed (ValidationActionHelper) : no such element: Unable to locate element: {"method":"xpath","selector":"//span[text()='Products']"}
  (Session info: chrome=106.0.5249.91)
For documentation on this error, please visit: https://selenium.dev/exceptions/#no_such_element
Build info: version: '4.4.0', revision: 'e5c75ed026a'
System info: host: 'BABU', ip: '192.168.1.6', os.name: 'Windows 10', os.arch: 'amd64', os.version: '10.0', java.version: '17.0.2'
Driver info: org.openqa.selenium.chrome.ChromeDriver
Command: [3c520d8cf70da7996483b02c88b4748d, findElement {using=xpath, value=//span[text()='Products']}]
Capabilities {acceptInsecureCerts: false, browserName: chrome, browserVersion: 106.0.5249.91, chrome: {chromedriverVersion: 106.0.5249.61 (511755355844..., userDataDir: C:\Users\BABUVA~1\AppData\L...}, goog:chromeOptions: {debuggerAddress: localhost:51278}, networkConnectionEnabled: false, pageLoadStrategy: normal, platformName: WINDOWS, proxy: Proxy(), se:cdp: ws://localhost:51278/devtoo..., se:cdpVersion: 106.0.5249.91, setWindowRect: true, strictFileInteractability: false, timeouts: {implicit: 0, pageLoad: 300000, script: 30000}, unhandledPromptBehavior: dismiss and notify, webauthn:extension:credBlob: true, webauthn:extension:largeBlob: true, webauthn:virtualAuthenticators: true}
Session ID: 3c520d8cf70da7996483b02c88b4748d
at com.demoproject.actions.ValidationActionHelper.isElementVisible(ValidationActionHelper.java:20)
at com.demoproject.pages.LoginPage.isHomePageDisplayed(LoginPage.java:80)
at com.demoproject.tests.LoginTest.verifyValidLogin(LoginTest.java:82)
at java.base/java.util.ArrayList.forEach(ArrayList.java:1511)
... Removed 27 stack frames]]>
    </failure>
  </testcase> <!-- verifyValidLogin -->
</testsuite> <!-- Test -->
